<?xml version="1.0" encoding="UTF-8"?>
<!-- Generated by org.testng.reporters.JUnitXMLReporter -->
<testsuite ignored="0" hostname="Janardhan" failures="1" tests="3" name="Test1" time="0.221" errors="0" timestamp="20 Apr 2022 12:40:33 GMT">
  <testcase classname="com.assertion.Assertions" name="Launch" time="0.139">
    <failure type="java.lang.IllegalStateException" message="The driver executable does not exist: C:\Users\Janrdhan\eclipse-workspace\TestAssertions\.\Resources\chromedriver.exe">
      <![CDATA[java.lang.IllegalStateException: The driver executable does not exist: C:\Users\Janrdhan\eclipse-workspace\TestAssertions\.\Resources\chromedriver.exe
at com.google.common.base.Preconditions.checkState(Preconditions.java:585)
at org.openqa.selenium.remote.service.DriverService.checkExecutable(DriverService.java:146)
at org.openqa.selenium.remote.service.DriverService.findExecutable(DriverService.java:141)
at org.openqa.selenium.chrome.ChromeDriverService.access$000(ChromeDriverService.java:35)
at org.openqa.selenium.chrome.ChromeDriverService$Builder.findDefaultExecutable(ChromeDriverService.java:159)
at org.openqa.selenium.remote.service.DriverService$Builder.build(DriverService.java:355)
at org.openqa.selenium.chrome.ChromeDriverService.createDefaultService(ChromeDriverService.java:94)
at org.openqa.selenium.chrome.ChromeDriver.<init>(ChromeDriver.java:123)
at com.assertion.Assertions.Launch(Assertions.java:17)
... Removed 25 stack frames]]>
    </failure>
  </testcase> <!-- Launch -->
  <testcase classname="com.assertion.Assertions" name="Facebook" time="0.0">
    <skipped/>
  </testcase> <!-- Facebook -->
  <testcase classname="com.assertion.Assertions" name="Login" time="0.0">
    <skipped/>
  </testcase> <!-- Login -->
</testsuite> <!-- Test1 -->
